[debug] [2024-07-12T10:54:33.477Z] ----------------------------------------------------------------------
[debug] [2024-07-12T10:54:33.484Z] Command:       C:\Program Files\nodejs\node.exe C:\Users\Tanjimul Sabbir\AppData\Roaming\npm\node_modules\firebase-tools\lib\bin\firebase.js init
[debug] [2024-07-12T10:54:33.484Z] CLI Version:   13.13.2
[debug] [2024-07-12T10:54:33.485Z] Platform:      win32
[debug] [2024-07-12T10:54:33.485Z] Node Version:  v20.2.0
[debug] [2024-07-12T10:54:33.486Z] Time:          Fri Jul 12 2024 16:54:33 GMT+0600 (Bangladesh Standard Time)
[debug] [2024-07-12T10:54:33.486Z] ----------------------------------------------------------------------
[debug] 
[debug] [2024-07-12T10:54:34.309Z] > command requires scopes: ["email","openid","https://www.googleapis.com/auth/cloudplatformprojects.readonly","https://www.googleapis.com/auth/firebase","https://www.googleapis.com/auth/cloud-platform"]
[debug] [2024-07-12T10:54:34.312Z] > authorizing via signed-in user (tanjimulislamsabbir02@gmail.com)
[info] 
     ######## #### ########  ######## ########     ###     ######  ########
     ##        ##  ##     ## ##       ##     ##  ##   ##  ##       ##
     ######    ##  ########  ######   ########  #########  ######  ######
     ##        ##  ##    ##  ##       ##     ## ##     ##       ## ##
     ##       #### ##     ## ######## ########  ##     ##  ######  ########

You're about to initialize a Firebase project in this directory:

  D:\Web Development\Learn-with-me\my-projects\Paradise-Palms-Hotel-Client-Side

Before we get started, keep in mind:

  * You are initializing within an existing Firebase project directory

[info] 
=== Project Setup
[info] 
[info] First, let's associate this project directory with a Firebase project.
[info] You can create multiple project aliases by running firebase use --add, 
[info] but for now we'll just set up a default project.
[info] 
[debug] [2024-07-12T10:55:20.769Z] Using project from CLI flag: paradise-palms-tourist-h-c7621
[debug] [2024-07-12T10:55:20.774Z] >>> [apiv2][query] GET https://firebase.googleapis.com/v1beta1/projects/paradise-palms-tourist-h-c7621 [none]
[debug] [2024-07-12T10:55:21.612Z] <<< [apiv2][status] GET https://firebase.googleapis.com/v1beta1/projects/paradise-palms-tourist-h-c7621 200
[debug] [2024-07-12T10:55:21.612Z] <<< [apiv2][body] GET https://firebase.googleapis.com/v1beta1/projects/paradise-palms-tourist-h-c7621 {"projectId":"paradise-palms-tourist-h-c7621","projectNumber":"276137689840","displayName":"Paradise-Palms-Tourist-Hotel","name":"projects/paradise-palms-tourist-h-c7621","resources":{"hostingSite":"paradise-palms-tourist-h-c7621"},"state":"ACTIVE","etag":"1_e29e5dc5-0093-466a-ab3d-bf7b5d998c24"}
[info] i  Using project paradise-palms-tourist-h-c7621 (Paradise-Palms-Tourist-Hotel) 
[info] 
=== Hosting Setup
[debug] [2024-07-12T10:55:21.723Z] >>> [apiv2][query] GET https://firebase.googleapis.com/v1beta1/projects/paradise-palms-tourist-h-c7621 [none]
[debug] [2024-07-12T10:55:22.125Z] <<< [apiv2][status] GET https://firebase.googleapis.com/v1beta1/projects/paradise-palms-tourist-h-c7621 200
[debug] [2024-07-12T10:55:22.126Z] <<< [apiv2][body] GET https://firebase.googleapis.com/v1beta1/projects/paradise-palms-tourist-h-c7621 {"projectId":"paradise-palms-tourist-h-c7621","projectNumber":"276137689840","displayName":"Paradise-Palms-Tourist-Hotel","name":"projects/paradise-palms-tourist-h-c7621","resources":{"hostingSite":"paradise-palms-tourist-h-c7621"},"state":"ACTIVE","etag":"1_e29e5dc5-0093-466a-ab3d-bf7b5d998c24"}
[info] 
[info] Your public directory is the folder (relative to your project directory) that
[info] will contain Hosting assets to be uploaded with firebase deploy. If you
[info] have a build process for your assets, use your build's output directory.
[info] 
[info] +  Wrote build/404.html 
[debug] [2024-07-12T10:57:53.374Z] >>> [apiv2][query] GET https://www.gstatic.com/firebasejs/releases.json [none]
[debug] [2024-07-12T10:57:53.775Z] <<< [apiv2][status] GET https://www.gstatic.com/firebasejs/releases.json 200
[debug] [2024-07-12T10:57:53.776Z] <<< [apiv2][body] GET https://www.gstatic.com/firebasejs/releases.json {"current":{"version":"10.12.3","browserURL":"https://www.gstatic.com/firebasejs/10.12.3/firebase.js","packageURL":"https://www.gstatic.com/firebasejs/10.12.3/firebase.tgz"},"live":{"version":"10.12","browserURL":"https://www.gstatic.com/firebasejs/live/10.12/firebase.js","packageURL":"https://www.gstatic.com/firebasejs/live/10.12/firebase.tgz"},"components":{"analytics":"https://www.gstatic.com/firebasejs/10.12.3/firebase-analytics.js","app":"https://www.gstatic.com/firebasejs/10.12.3/firebase-app.js","app-check":"https://www.gstatic.com/firebasejs/10.12.3/firebase-app-check.js","auth":"https://www.gstatic.com/firebasejs/10.12.3/firebase-auth.js","auth/cordova":"https://www.gstatic.com/firebasejs/10.12.3/firebase-auth/cordova.js","auth/web-extension":"https://www.gstatic.com/firebasejs/10.12.3/firebase-auth/web-extension.js","functions":"https://www.gstatic.com/firebasejs/10.12.3/firebase-functions.js","firestore":"https://www.gstatic.com/firebasejs/10.12.3/firebase-firestore.js","firestore/lite":"https://www.gstatic.com/firebasejs/10.12.3/firebase-firestore/lite.js","installations":"https://www.gstatic.com/firebasejs/10.12.3/firebase-installations.js","storage":"https://www.gstatic.com/firebasejs/10.12.3/firebase-storage.js","performance":"https://www.gstatic.com/firebasejs/10.12.3/firebase-performance.js","remote-config":"https://www.gstatic.com/firebasejs/10.12.3/firebase-remote-config.js","messaging":"https://www.gstatic.com/firebasejs/10.12.3/firebase-messaging.js","messaging/sw":"https://www.gstatic.com/firebasejs/10.12.3/firebase-messaging/sw.js","database":"https://www.gstatic.com/firebasejs/10.12.3/firebase-database.js","vertexai-preview":"https://www.gstatic.com/firebasejs/10.12.3/firebase-vertexai-preview.js","firestore.memory":"https://www.gstatic.com/firebasejs/10.12.3/firebase-firestore.memory.js"}}
